[2016-12-12 00:16:58] testing.ERROR: Symfony\Component\Debug\Exception\FatalThrowableError: Class 'App\Providers\AppServiceProvider' not found in /home/luiz/code/refl-project/refl/vendor/laravel/framework/src/Illuminate/Foundation/ProviderRepository.php:146
Stack trace:
#0 /home/luiz/code/refl-project/refl/vendor/laravel/framework/src/Illuminate/Foundation/ProviderRepository.php(114): Illuminate\Foundation\ProviderRepository->createProvider('App\\Providers\\A...')
#1 /home/luiz/code/refl-project/refl/vendor/laravel/framework/src/Illuminate/Foundation/ProviderRepository.php(60): Illuminate\Foundation\ProviderRepository->compileManifest(Array)
#2 /home/luiz/code/refl-project/refl/vendor/laravel/framework/src/Illuminate/Foundation/Application.php(540): Illuminate\Foundation\ProviderRepository->load(Array)
#3 /home/luiz/code/refl-project/refl/vendor/laravel/framework/src/Illuminate/Foundation/Bootstrap/RegisterProviders.php(17): Illuminate\Foundation\Application->registerConfiguredProviders()
#4 /home/luiz/code/refl-project/refl/vendor/laravel/framework/src/Illuminate/Foundation/Application.php(203): Illuminate\Foundation\Bootstrap\RegisterProviders->bootstrap(Object(Illuminate\Foundation\Application))
#5 /home/luiz/code/refl-project/refl/vendor/laravel/framework/src/Illuminate/Foundation/Http/Kernel.php(254): Illuminate\Foundation\Application->bootstrapWith(Array)
#6 /home/luiz/code/refl-project/refl/vendor/laravel/framework/src/Illuminate/Foundation/Http/Kernel.php(145): Illuminate\Foundation\Http\Kernel->bootstrap()
#7 /home/luiz/code/refl-project/refl/vendor/laravel/framework/src/Illuminate/Foundation/Http/Kernel.php(117): Illuminate\Foundation\Http\Kernel->sendRequestThroughRouter(Object(Illuminate\Http\Request))
#8 /home/luiz/code/refl-project/refl/vendor/laravel/framework/src/Illuminate/Foundation/Testing/Concerns/MakesHttpRequests.php(582): Illuminate\Foundation\Http\Kernel->handle(Object(Illuminate\Http\Request))
#9 /home/luiz/code/refl-project/refl/vendor/laravel/framework/src/Illuminate/Foundation/Testing/Concerns/InteractsWithPages.php(90): Illuminate\Foundation\Testing\TestCase->call('GET', 'http://localhos...', Array, Array, Array)
#10 /home/luiz/code/refl-project/refl/vendor/laravel/framework/src/Illuminate/Foundation/Testing/Concerns/InteractsWithPages.php(61): Illuminate\Foundation\Testing\TestCase->makeRequest('GET', 'http://localhos...')
#11 /home/luiz/code/refl-project/refl/tests/Unit/RestfulControllerTest.php(17): Illuminate\Foundation\Testing\TestCase->visit('/posts')
#12 [internal function]: RestfulControllerTest->test_index()
#13 /home/luiz/code/refl-project/refl/vendor/phpunit/phpunit/src/Framework/TestCase.php(1085): ReflectionMethod->invokeArgs(Object(RestfulControllerTest), Array)
#14 /home/luiz/code/refl-project/refl/vendor/phpunit/phpunit/src/Framework/TestCase.php(936): PHPUnit_Framework_TestCase->runTest()
#15 /home/luiz/code/refl-project/refl/vendor/phpunit/phpunit/src/Framework/TestResult.php(701): PHPUnit_Framework_TestCase->runBare()
#16 /home/luiz/code/refl-project/refl/vendor/phpunit/phpunit/src/Framework/TestCase.php(892): PHPUnit_Framework_TestResult->run(Object(RestfulControllerTest))
#17 /home/luiz/code/refl-project/refl/vendor/phpunit/phpunit/src/Framework/TestSuite.php(728): PHPUnit_Framework_TestCase->run(Object(PHPUnit_Framework_TestResult))
#18 /home/luiz/code/refl-project/refl/vendor/phpunit/phpunit/src/Framework/TestSuite.php(728): PHPUnit_Framework_TestSuite->run(Object(PHPUnit_Framework_TestResult))
#19 /home/luiz/code/refl-project/refl/vendor/phpunit/phpunit/src/TextUI/TestRunner.php(465): PHPUnit_Framework_TestSuite->run(Object(PHPUnit_Framework_TestResult))
#20 /home/luiz/code/refl-project/refl/vendor/phpunit/phpunit/src/TextUI/Command.php(185): PHPUnit_TextUI_TestRunner->doRun(Object(PHPUnit_Framework_TestSuite), Array, true)
#21 /home/luiz/code/refl-project/refl/vendor/phpunit/phpunit/src/TextUI/Command.php(115): PHPUnit_TextUI_Command->run(Array, true)
#22 /home/luiz/code/refl-project/refl/vendor/phpunit/phpunit/phpunit(52): PHPUnit_TextUI_Command::main()
#23 {main}  
[2016-12-12 00:17:44] testing.ERROR: Symfony\Component\Debug\Exception\FatalThrowableError: Class 'App\Providers\AuthServiceProvider' not found in /home/luiz/code/refl-project/refl/vendor/laravel/framework/src/Illuminate/Foundation/ProviderRepository.php:146
Stack trace:
#0 /home/luiz/code/refl-project/refl/vendor/laravel/framework/src/Illuminate/Foundation/ProviderRepository.php(114): Illuminate\Foundation\ProviderRepository->createProvider('App\\Providers\\A...')
#1 /home/luiz/code/refl-project/refl/vendor/laravel/framework/src/Illuminate/Foundation/ProviderRepository.php(60): Illuminate\Foundation\ProviderRepository->compileManifest(Array)
#2 /home/luiz/code/refl-project/refl/vendor/laravel/framework/src/Illuminate/Foundation/Application.php(540): Illuminate\Foundation\ProviderRepository->load(Array)
#3 /home/luiz/code/refl-project/refl/vendor/laravel/framework/src/Illuminate/Foundation/Bootstrap/RegisterProviders.php(17): Illuminate\Foundation\Application->registerConfiguredProviders()
#4 /home/luiz/code/refl-project/refl/vendor/laravel/framework/src/Illuminate/Foundation/Application.php(203): Illuminate\Foundation\Bootstrap\RegisterProviders->bootstrap(Object(Illuminate\Foundation\Application))
#5 /home/luiz/code/refl-project/refl/vendor/laravel/framework/src/Illuminate/Foundation/Http/Kernel.php(254): Illuminate\Foundation\Application->bootstrapWith(Array)
#6 /home/luiz/code/refl-project/refl/vendor/laravel/framework/src/Illuminate/Foundation/Http/Kernel.php(145): Illuminate\Foundation\Http\Kernel->bootstrap()
#7 /home/luiz/code/refl-project/refl/vendor/laravel/framework/src/Illuminate/Foundation/Http/Kernel.php(117): Illuminate\Foundation\Http\Kernel->sendRequestThroughRouter(Object(Illuminate\Http\Request))
#8 /home/luiz/code/refl-project/refl/vendor/laravel/framework/src/Illuminate/Foundation/Testing/Concerns/MakesHttpRequests.php(582): Illuminate\Foundation\Http\Kernel->handle(Object(Illuminate\Http\Request))
#9 /home/luiz/code/refl-project/refl/vendor/laravel/framework/src/Illuminate/Foundation/Testing/Concerns/InteractsWithPages.php(90): Illuminate\Foundation\Testing\TestCase->call('GET', 'http://localhos...', Array, Array, Array)
#10 /home/luiz/code/refl-project/refl/vendor/laravel/framework/src/Illuminate/Foundation/Testing/Concerns/InteractsWithPages.php(61): Illuminate\Foundation\Testing\TestCase->makeRequest('GET', 'http://localhos...')
#11 /home/luiz/code/refl-project/refl/tests/Unit/RestfulControllerTest.php(17): Illuminate\Foundation\Testing\TestCase->visit('/posts')
#12 [internal function]: RestfulControllerTest->test_index()
#13 /home/luiz/code/refl-project/refl/vendor/phpunit/phpunit/src/Framework/TestCase.php(1085): ReflectionMethod->invokeArgs(Object(RestfulControllerTest), Array)
#14 /home/luiz/code/refl-project/refl/vendor/phpunit/phpunit/src/Framework/TestCase.php(936): PHPUnit_Framework_TestCase->runTest()
#15 /home/luiz/code/refl-project/refl/vendor/phpunit/phpunit/src/Framework/TestResult.php(701): PHPUnit_Framework_TestCase->runBare()
#16 /home/luiz/code/refl-project/refl/vendor/phpunit/phpunit/src/Framework/TestCase.php(892): PHPUnit_Framework_TestResult->run(Object(RestfulControllerTest))
#17 /home/luiz/code/refl-project/refl/vendor/phpunit/phpunit/src/Framework/TestSuite.php(728): PHPUnit_Framework_TestCase->run(Object(PHPUnit_Framework_TestResult))
#18 /home/luiz/code/refl-project/refl/vendor/phpunit/phpunit/src/Framework/TestSuite.php(728): PHPUnit_Framework_TestSuite->run(Object(PHPUnit_Framework_TestResult))
#19 /home/luiz/code/refl-project/refl/vendor/phpunit/phpunit/src/TextUI/TestRunner.php(465): PHPUnit_Framework_TestSuite->run(Object(PHPUnit_Framework_TestResult))
#20 /home/luiz/code/refl-project/refl/vendor/phpunit/phpunit/src/TextUI/Command.php(185): PHPUnit_TextUI_TestRunner->doRun(Object(PHPUnit_Framework_TestSuite), Array, true)
#21 /home/luiz/code/refl-project/refl/vendor/phpunit/phpunit/src/TextUI/Command.php(115): PHPUnit_TextUI_Command->run(Array, true)
#22 /home/luiz/code/refl-project/refl/vendor/phpunit/phpunit/phpunit(52): PHPUnit_TextUI_Command::main()
#23 {main}  
[2016-12-12 00:18:19] testing.ERROR: Symfony\Component\Debug\Exception\FatalThrowableError: Class 'App\Providers\AuthServiceProvider' not found in /home/luiz/code/refl-project/refl/vendor/laravel/framework/src/Illuminate/Foundation/ProviderRepository.php:146
Stack trace:
#0 /home/luiz/code/refl-project/refl/vendor/laravel/framework/src/Illuminate/Foundation/ProviderRepository.php(114): Illuminate\Foundation\ProviderRepository->createProvider('App\\Providers\\A...')
#1 /home/luiz/code/refl-project/refl/vendor/laravel/framework/src/Illuminate/Foundation/ProviderRepository.php(60): Illuminate\Foundation\ProviderRepository->compileManifest(Array)
#2 /home/luiz/code/refl-project/refl/vendor/laravel/framework/src/Illuminate/Foundation/Application.php(540): Illuminate\Foundation\ProviderRepository->load(Array)
#3 /home/luiz/code/refl-project/refl/vendor/laravel/framework/src/Illuminate/Foundation/Bootstrap/RegisterProviders.php(17): Illuminate\Foundation\Application->registerConfiguredProviders()
#4 /home/luiz/code/refl-project/refl/vendor/laravel/framework/src/Illuminate/Foundation/Application.php(203): Illuminate\Foundation\Bootstrap\RegisterProviders->bootstrap(Object(Illuminate\Foundation\Application))
#5 /home/luiz/code/refl-project/refl/vendor/laravel/framework/src/Illuminate/Foundation/Http/Kernel.php(254): Illuminate\Foundation\Application->bootstrapWith(Array)
#6 /home/luiz/code/refl-project/refl/vendor/laravel/framework/src/Illuminate/Foundation/Http/Kernel.php(145): Illuminate\Foundation\Http\Kernel->bootstrap()
#7 /home/luiz/code/refl-project/refl/vendor/laravel/framework/src/Illuminate/Foundation/Http/Kernel.php(117): Illuminate\Foundation\Http\Kernel->sendRequestThroughRouter(Object(Illuminate\Http\Request))
#8 /home/luiz/code/refl-project/refl/vendor/laravel/framework/src/Illuminate/Foundation/Testing/Concerns/MakesHttpRequests.php(582): Illuminate\Foundation\Http\Kernel->handle(Object(Illuminate\Http\Request))
#9 /home/luiz/code/refl-project/refl/vendor/laravel/framework/src/Illuminate/Foundation/Testing/Concerns/InteractsWithPages.php(90): Illuminate\Foundation\Testing\TestCase->call('GET', 'http://localhos...', Array, Array, Array)
#10 /home/luiz/code/refl-project/refl/vendor/laravel/framework/src/Illuminate/Foundation/Testing/Concerns/InteractsWithPages.php(61): Illuminate\Foundation\Testing\TestCase->makeRequest('GET', 'http://localhos...')
#11 /home/luiz/code/refl-project/refl/tests/Unit/RestfulControllerTest.php(17): Illuminate\Foundation\Testing\TestCase->visit('/posts')
#12 [internal function]: RestfulControllerTest->test_index()
#13 /home/luiz/code/refl-project/refl/vendor/phpunit/phpunit/src/Framework/TestCase.php(1085): ReflectionMethod->invokeArgs(Object(RestfulControllerTest), Array)
#14 /home/luiz/code/refl-project/refl/vendor/phpunit/phpunit/src/Framework/TestCase.php(936): PHPUnit_Framework_TestCase->runTest()
#15 /home/luiz/code/refl-project/refl/vendor/phpunit/phpunit/src/Framework/TestResult.php(701): PHPUnit_Framework_TestCase->runBare()
#16 /home/luiz/code/refl-project/refl/vendor/phpunit/phpunit/src/Framework/TestCase.php(892): PHPUnit_Framework_TestResult->run(Object(RestfulControllerTest))
#17 /home/luiz/code/refl-project/refl/vendor/phpunit/phpunit/src/Framework/TestSuite.php(728): PHPUnit_Framework_TestCase->run(Object(PHPUnit_Framework_TestResult))
#18 /home/luiz/code/refl-project/refl/vendor/phpunit/phpunit/src/Framework/TestSuite.php(728): PHPUnit_Framework_TestSuite->run(Object(PHPUnit_Framework_TestResult))
#19 /home/luiz/code/refl-project/refl/vendor/phpunit/phpunit/src/TextUI/TestRunner.php(465): PHPUnit_Framework_TestSuite->run(Object(PHPUnit_Framework_TestResult))
#20 /home/luiz/code/refl-project/refl/vendor/phpunit/phpunit/src/TextUI/Command.php(185): PHPUnit_TextUI_TestRunner->doRun(Object(PHPUnit_Framework_TestSuite), Array, true)
#21 /home/luiz/code/refl-project/refl/vendor/phpunit/phpunit/src/TextUI/Command.php(115): PHPUnit_TextUI_Command->run(Array, true)
#22 /home/luiz/code/refl-project/refl/vendor/phpunit/phpunit/phpunit(52): PHPUnit_TextUI_Command::main()
#23 {main}  
[2016-12-12 00:19:08] testing.ERROR: ErrorException: file_put_contents(/home/luiz/code/refl-project/refl/bootstrap/cache/services.php): failed to open stream: No such file or directory in /home/luiz/code/refl-project/refl/vendor/laravel/framework/src/Illuminate/Filesystem/Filesystem.php:111
Stack trace:
#0 [internal function]: Illuminate\Foundation\Bootstrap\HandleExceptions->handleError(2, 'file_put_conten...', '/home/luiz/code...', 111, Array)
#1 /home/luiz/code/refl-project/refl/vendor/laravel/framework/src/Illuminate/Filesystem/Filesystem.php(111): file_put_contents('/home/luiz/code...', '<?php return ar...', 0)
#2 /home/luiz/code/refl-project/refl/vendor/laravel/framework/src/Illuminate/Foundation/ProviderRepository.php(189): Illuminate\Filesystem\Filesystem->put('/home/luiz/code...', '<?php return ar...')
#3 /home/luiz/code/refl-project/refl/vendor/laravel/framework/src/Illuminate/Foundation/ProviderRepository.php(135): Illuminate\Foundation\ProviderRepository->writeManifest(Array)
#4 /home/luiz/code/refl-project/refl/vendor/laravel/framework/src/Illuminate/Foundation/ProviderRepository.php(60): Illuminate\Foundation\ProviderRepository->compileManifest(Array)
#5 /home/luiz/code/refl-project/refl/vendor/laravel/framework/src/Illuminate/Foundation/Application.php(540): Illuminate\Foundation\ProviderRepository->load(Array)
#6 /home/luiz/code/refl-project/refl/vendor/laravel/framework/src/Illuminate/Foundation/Bootstrap/RegisterProviders.php(17): Illuminate\Foundation\Application->registerConfiguredProviders()
#7 /home/luiz/code/refl-project/refl/vendor/laravel/framework/src/Illuminate/Foundation/Application.php(203): Illuminate\Foundation\Bootstrap\RegisterProviders->bootstrap(Object(Illuminate\Foundation\Application))
#8 /home/luiz/code/refl-project/refl/vendor/laravel/framework/src/Illuminate/Foundation/Http/Kernel.php(254): Illuminate\Foundation\Application->bootstrapWith(Array)
#9 /home/luiz/code/refl-project/refl/vendor/laravel/framework/src/Illuminate/Foundation/Http/Kernel.php(145): Illuminate\Foundation\Http\Kernel->bootstrap()
#10 /home/luiz/code/refl-project/refl/vendor/laravel/framework/src/Illuminate/Foundation/Http/Kernel.php(117): Illuminate\Foundation\Http\Kernel->sendRequestThroughRouter(Object(Illuminate\Http\Request))
#11 /home/luiz/code/refl-project/refl/vendor/laravel/framework/src/Illuminate/Foundation/Testing/Concerns/MakesHttpRequests.php(582): Illuminate\Foundation\Http\Kernel->handle(Object(Illuminate\Http\Request))
#12 /home/luiz/code/refl-project/refl/vendor/laravel/framework/src/Illuminate/Foundation/Testing/Concerns/InteractsWithPages.php(90): Illuminate\Foundation\Testing\TestCase->call('GET', 'http://localhos...', Array, Array, Array)
#13 /home/luiz/code/refl-project/refl/vendor/laravel/framework/src/Illuminate/Foundation/Testing/Concerns/InteractsWithPages.php(61): Illuminate\Foundation\Testing\TestCase->makeRequest('GET', 'http://localhos...')
#14 /home/luiz/code/refl-project/refl/tests/Unit/RestfulControllerTest.php(17): Illuminate\Foundation\Testing\TestCase->visit('/posts')
#15 [internal function]: RestfulControllerTest->test_index()
#16 /home/luiz/code/refl-project/refl/vendor/phpunit/phpunit/src/Framework/TestCase.php(1085): ReflectionMethod->invokeArgs(Object(RestfulControllerTest), Array)
#17 /home/luiz/code/refl-project/refl/vendor/phpunit/phpunit/src/Framework/TestCase.php(936): PHPUnit_Framework_TestCase->runTest()
#18 /home/luiz/code/refl-project/refl/vendor/phpunit/phpunit/src/Framework/TestResult.php(701): PHPUnit_Framework_TestCase->runBare()
#19 /home/luiz/code/refl-project/refl/vendor/phpunit/phpunit/src/Framework/TestCase.php(892): PHPUnit_Framework_TestResult->run(Object(RestfulControllerTest))
#20 /home/luiz/code/refl-project/refl/vendor/phpunit/phpunit/src/Framework/TestSuite.php(728): PHPUnit_Framework_TestCase->run(Object(PHPUnit_Framework_TestResult))
#21 /home/luiz/code/refl-project/refl/vendor/phpunit/phpunit/src/Framework/TestSuite.php(728): PHPUnit_Framework_TestSuite->run(Object(PHPUnit_Framework_TestResult))
#22 /home/luiz/code/refl-project/refl/vendor/phpunit/phpunit/src/TextUI/TestRunner.php(465): PHPUnit_Framework_TestSuite->run(Object(PHPUnit_Framework_TestResult))
#23 /home/luiz/code/refl-project/refl/vendor/phpunit/phpunit/src/TextUI/Command.php(185): PHPUnit_TextUI_TestRunner->doRun(Object(PHPUnit_Framework_TestSuite), Array, true)
#24 /home/luiz/code/refl-project/refl/vendor/phpunit/phpunit/src/TextUI/Command.php(115): PHPUnit_TextUI_Command->run(Array, true)
#25 /home/luiz/code/refl-project/refl/vendor/phpunit/phpunit/phpunit(52): PHPUnit_TextUI_Command::main()
#26 {main}  
[2016-12-12 00:19:46] testing.ERROR: Symfony\Component\Debug\Exception\FatalThrowableError: Type error: Argument 2 passed to Illuminate\View\FileViewFinder::__construct() must be of the type array, null given, called in /home/luiz/code/refl-project/refl/vendor/laravel/framework/src/Illuminate/View/ViewServiceProvider.php on line 95 in /home/luiz/code/refl-project/refl/vendor/laravel/framework/src/Illuminate/View/FileViewFinder.php:53
Stack trace:
#0 /home/luiz/code/refl-project/refl/vendor/laravel/framework/src/Illuminate/View/ViewServiceProvider.php(95): Illuminate\View\FileViewFinder->__construct(Object(Illuminate\Filesystem\Filesystem), NULL)
#1 /home/luiz/code/refl-project/refl/vendor/laravel/framework/src/Illuminate/Container/Container.php(746): Illuminate\View\ViewServiceProvider->Illuminate\View\{closure}(Object(Illuminate\Foundation\Application), Array)
#2 /home/luiz/code/refl-project/refl/vendor/laravel/framework/src/Illuminate/Container/Container.php(644): Illuminate\Container\Container->build(Object(Closure), Array)
#3 /home/luiz/code/refl-project/refl/vendor/laravel/framework/src/Illuminate/Foundation/Application.php(709): Illuminate\Container\Container->make('view.finder', Array)
#4 /home/luiz/code/refl-project/refl/vendor/laravel/framework/src/Illuminate/Container/Container.php(1203): Illuminate\Foundation\Application->make('view.finder')
#5 /home/luiz/code/refl-project/refl/vendor/laravel/framework/src/Illuminate/View/ViewServiceProvider.php(112): Illuminate\Container\Container->offsetGet('view.finder')
#6 /home/luiz/code/refl-project/refl/vendor/laravel/framework/src/Illuminate/Container/Container.php(746): Illuminate\View\ViewServiceProvider->Illuminate\View\{closure}(Object(Illuminate\Foundation\Application), Array)
#7 /home/luiz/code/refl-project/refl/vendor/laravel/framework/src/Illuminate/Container/Container.php(644): Illuminate\Container\Container->build(Object(Closure), Array)
#8 /home/luiz/code/refl-project/refl/vendor/laravel/framework/src/Illuminate/Foundation/Application.php(709): Illuminate\Container\Container->make('view', Array)
#9 /home/luiz/code/refl-project/refl/vendor/laravel/framework/src/Illuminate/Container/Container.php(1203): Illuminate\Foundation\Application->make('view')
#10 /home/luiz/code/refl-project/refl/vendor/laravel/framework/src/Illuminate/Support/ServiceProvider.php(88): Illuminate\Container\Container->offsetGet('view')
#11 /home/luiz/code/refl-project/refl/vendor/laravel/framework/src/Illuminate/Notifications/NotificationServiceProvider.php(18): Illuminate\Support\ServiceProvider->loadViewsFrom('/home/luiz/code...', 'notifications')
#12 [internal function]: Illuminate\Notifications\NotificationServiceProvider->boot()
#13 /home/luiz/code/refl-project/refl/vendor/laravel/framework/src/Illuminate/Container/Container.php(508): call_user_func_array(Array, Array)
#14 /home/luiz/code/refl-project/refl/vendor/laravel/framework/src/Illuminate/Foundation/Application.php(769): Illuminate\Container\Container->call(Array)
#15 /home/luiz/code/refl-project/refl/vendor/laravel/framework/src/Illuminate/Foundation/Application.php(752): Illuminate\Foundation\Application->bootProvider(Object(Illuminate\Notifications\NotificationServiceProvider))
#16 [internal function]: Illuminate\Foundation\Application->Illuminate\Foundation\{closure}(Object(Illuminate\Notifications\NotificationServiceProvider), 8)
#17 /home/luiz/code/refl-project/refl/vendor/laravel/framework/src/Illuminate/Foundation/Application.php(753): array_walk(Array, Object(Closure))
#18 /home/luiz/code/refl-project/refl/vendor/laravel/framework/src/Illuminate/Foundation/Bootstrap/BootProviders.php(17): Illuminate\Foundation\Application->boot()
#19 /home/luiz/code/refl-project/refl/vendor/laravel/framework/src/Illuminate/Foundation/Application.php(203): Illuminate\Foundation\Bootstrap\BootProviders->bootstrap(Object(Illuminate\Foundation\Application))
#20 /home/luiz/code/refl-project/refl/vendor/laravel/framework/src/Illuminate/Foundation/Http/Kernel.php(254): Illuminate\Foundation\Application->bootstrapWith(Array)
#21 /home/luiz/code/refl-project/refl/vendor/laravel/framework/src/Illuminate/Foundation/Http/Kernel.php(145): Illuminate\Foundation\Http\Kernel->bootstrap()
#22 /home/luiz/code/refl-project/refl/vendor/laravel/framework/src/Illuminate/Foundation/Http/Kernel.php(117): Illuminate\Foundation\Http\Kernel->sendRequestThroughRouter(Object(Illuminate\Http\Request))
#23 /home/luiz/code/refl-project/refl/vendor/laravel/framework/src/Illuminate/Foundation/Testing/Concerns/MakesHttpRequests.php(582): Illuminate\Foundation\Http\Kernel->handle(Object(Illuminate\Http\Request))
#24 /home/luiz/code/refl-project/refl/vendor/laravel/framework/src/Illuminate/Foundation/Testing/Concerns/InteractsWithPages.php(90): Illuminate\Foundation\Testing\TestCase->call('GET', 'http://localhos...', Array, Array, Array)
#25 /home/luiz/code/refl-project/refl/vendor/laravel/framework/src/Illuminate/Foundation/Testing/Concerns/InteractsWithPages.php(61): Illuminate\Foundation\Testing\TestCase->makeRequest('GET', 'http://localhos...')
#26 /home/luiz/code/refl-project/refl/tests/Unit/RestfulControllerTest.php(17): Illuminate\Foundation\Testing\TestCase->visit('/posts')
#27 [internal function]: RestfulControllerTest->test_index()
#28 /home/luiz/code/refl-project/refl/vendor/phpunit/phpunit/src/Framework/TestCase.php(1085): ReflectionMethod->invokeArgs(Object(RestfulControllerTest), Array)
#29 /home/luiz/code/refl-project/refl/vendor/phpunit/phpunit/src/Framework/TestCase.php(936): PHPUnit_Framework_TestCase->runTest()
#30 /home/luiz/code/refl-project/refl/vendor/phpunit/phpunit/src/Framework/TestResult.php(701): PHPUnit_Framework_TestCase->runBare()
#31 /home/luiz/code/refl-project/refl/vendor/phpunit/phpunit/src/Framework/TestCase.php(892): PHPUnit_Framework_TestResult->run(Object(RestfulControllerTest))
#32 /home/luiz/code/refl-project/refl/vendor/phpunit/phpunit/src/Framework/TestSuite.php(728): PHPUnit_Framework_TestCase->run(Object(PHPUnit_Framework_TestResult))
#33 /home/luiz/code/refl-project/refl/vendor/phpunit/phpunit/src/Framework/TestSuite.php(728): PHPUnit_Framework_TestSuite->run(Object(PHPUnit_Framework_TestResult))
#34 /home/luiz/code/refl-project/refl/vendor/phpunit/phpunit/src/TextUI/TestRunner.php(465): PHPUnit_Framework_TestSuite->run(Object(PHPUnit_Framework_TestResult))
#35 /home/luiz/code/refl-project/refl/vendor/phpunit/phpunit/src/TextUI/Command.php(185): PHPUnit_TextUI_TestRunner->doRun(Object(PHPUnit_Framework_TestSuite), Array, true)
#36 /home/luiz/code/refl-project/refl/vendor/phpunit/phpunit/src/TextUI/Command.php(115): PHPUnit_TextUI_Command->run(Array, true)
#37 /home/luiz/code/refl-project/refl/vendor/phpunit/phpunit/phpunit(52): PHPUnit_TextUI_Command::main()
#38 {main}  
